<?xml version="1.0" encoding="utf-8"?><testsuites><testsuite errors="1" failures="0" hostname="USER-20191220RU" name="pytest" skipped="0" tests="1" time="13.805" timestamp="2021-08-19T15:28:28.422000"><testcase classname="testsuites.index.test_index.TestIndex" file="testsuites\index\test_index.py" line="20" name="test_index" time="13.351"><error message="test setup failure">browser = &lt;selenium.webdriver.remote.webdriver.WebDriver (session=&quot;5a573c83-3f2f-4c46-98e6-269cb206a0c0&quot;)&gt;

    @pytest.fixture(scope=&apos;module&apos;, autouse=True)
    def login(browser):
        driver = Page(browser)
&gt;       driver.click(Login.authority_true)

testsuites\conftest.py:19: 
_ _ _ _ _ _ _ _ _ _ _ _ _ _ _ _ _ _ _ _ _ _ _ _ _ _ _ _ _ _ _ _ _ _ _ _ _ _ _ _
framwork\page.py:496: in click
    el = self.find_element(element)
framwork\page.py:140: in find_element
    WebDriverWait(self.driver, 5, 0.5).until(EC.presence_of_element_located((selector_by,selector_value)))
_ _ _ _ _ _ _ _ _ _ _ _ _ _ _ _ _ _ _ _ _ _ _ _ _ _ _ _ _ _ _ _ _ _ _ _ _ _ _ _

self = &lt;selenium.webdriver.support.wait.WebDriverWait (session=&quot;5a573c83-3f2f-4c46-98e6-269cb206a0c0&quot;)&gt;
method = &lt;selenium.webdriver.support.expected_conditions.presence_of_element_located object at 0x0000000004C90EB0&gt;
message = &apos;&apos;

    def until(self, method, message=&apos;&apos;):
        &quot;&quot;&quot;Calls the method provided with the driver as an argument until the \
        return value is not False.&quot;&quot;&quot;
        screen = None
        stacktrace = None
    
        end_time = time.time() + self._timeout
        while True:
            try:
                value = method(self._driver)
                if value:
                    return value
            except self._ignored_exceptions as exc:
                screen = getattr(exc, &apos;screen&apos;, None)
                stacktrace = getattr(exc, &apos;stacktrace&apos;, None)
            time.sleep(self._poll)
            if time.time() &gt; end_time:
                break
&gt;       raise TimeoutException(message, screen, stacktrace)
E       selenium.common.exceptions.TimeoutException: Message:

C:\Users\Administrator\AppData\Local\Programs\Python\Python38\lib\site-packages\selenium\webdriver\support\wait.py:80: TimeoutException</error></testcase></testsuite></testsuites>